
Build Time: Sep 21 2012 18:52:38 EDT  Build Id: 10329 
Executable Path: /data/software/apps/ansys/14.5/ansys_inc/v145/fluent/bin/fluent

------------------------------------------------------------------------------
ID     Comm.   Hostname        O.S.        PID     Mach ID HW ID   Name        
------------------------------------------------------------------------------
host   net     tc5000          Linux-64    181658  1       5       Fluent Host 
n95    pcmpi   computer31      Linux-64    36719   0       95      Fluent Node 
n94    pcmpi   computer31      Linux-64    36718   0       94      Fluent Node 
n93    pcmpi   computer31      Linux-64    36717   0       93      Fluent Node 
n92    pcmpi   computer31      Linux-64    36716   0       92      Fluent Node 
n91    pcmpi   computer31      Linux-64    36715   0       91      Fluent Node 
n90    pcmpi   computer31      Linux-64    36714   0       90      Fluent Node 
n89    pcmpi   computer31      Linux-64    36713   0       89      Fluent Node 
n88    pcmpi   computer31      Linux-64    36712   0       88      Fluent Node 
n87    pcmpi   computer31      Linux-64    36711   0       87      Fluent Node 
n86    pcmpi   computer31      Linux-64    36710   0       86      Fluent Node 
n85    pcmpi   computer31      Linux-64    36709   0       85      Fluent Node 
n84    pcmpi   computer31      Linux-64    36708   0       84      Fluent Node 
n83    pcmpi   computer31      Linux-64    36707   0       83      Fluent Node 
n82    pcmpi   computer31      Linux-64    36706   0       82      Fluent Node 
n81    pcmpi   computer31      Linux-64    36705   0       81      Fluent Node 
n80    pcmpi   computer31      Linux-64    36704   0       80      Fluent Node 
n79    pcmpi   computer31      Linux-64    36703   0       79      Fluent Node 
n78    pcmpi   computer31      Linux-64    36702   0       78      Fluent Node 
n77    pcmpi   computer31      Linux-64    36701   0       77      Fluent Node 
------------------------------------------------------------------------------
ID     Comm.   Hostname        O.S.        PID     Mach ID HW ID   Name        
------------------------------------------------------------------------------
n76    pcmpi   computer31      Linux-64    36700   0       76      Fluent Node 
n75    pcmpi   computer31      Linux-64    36699   0       75      Fluent Node 
n74    pcmpi   computer31      Linux-64    36698   0       74      Fluent Node 
n73    pcmpi   computer31      Linux-64    36697   0       73      Fluent Node 
n72    pcmpi   computer31      Linux-64    36696   0       72      Fluent Node 
n71    pcmpi   computer31      Linux-64    36695   0       71      Fluent Node 
n70    pcmpi   computer31      Linux-64    36694   0       70      Fluent Node 
n69    pcmpi   computer31      Linux-64    36693   0       69      Fluent Node 
n68    pcmpi   computer31      Linux-64    36692   0       68      Fluent Node 
n67    pcmpi   computer31      Linux-64    36691   0       67      Fluent Node 
n66    pcmpi   computer31      Linux-64    36690   0       66      Fluent Node 
n65    pcmpi   computer31      Linux-64    36689   0       65      Fluent Node 
n64    pcmpi   computer31      Linux-64    36688   0       64      Fluent Node 
n63    pcmpi   computer31      Linux-64    36687   0       63      Fluent Node 
n62    pcmpi   computer31      Linux-64    36686   0       62      Fluent Node 
n61    pcmpi   computer31      Linux-64    36685   0       61      Fluent Node 
n60    pcmpi   computer31      Linux-64    36684   0       60      Fluent Node 
n59    pcmpi   computer31      Linux-64    36683   0       59      Fluent Node 
n58    pcmpi   computer31      Linux-64    36682   0       58      Fluent Node 
n57    pcmpi   computer31      Linux-64    36681   0       57      Fluent Node 
------------------------------------------------------------------------------
ID     Comm.   Hostname        O.S.        PID     Mach ID HW ID   Name        
------------------------------------------------------------------------------
n56    pcmpi   computer31      Linux-64    36680   0       56      Fluent Node 
n55    pcmpi   computer31      Linux-64    36679   0       55      Fluent Node 
n54    pcmpi   computer31      Linux-64    36678   0       54      Fluent Node 
n53    pcmpi   computer31      Linux-64    36677   0       53      Fluent Node 
n52    pcmpi   computer31      Linux-64    36676   0       52      Fluent Node 
n51    pcmpi   computer31      Linux-64    36675   0       51      Fluent Node 
n50    pcmpi   computer31      Linux-64    36674   0       50      Fluent Node 
n49    pcmpi   computer31      Linux-64    36673   0       49      Fluent Node 
n48    pcmpi   computer31      Linux-64    36672   0       48      Fluent Node 
n47    pcmpi   computer31      Linux-64    36671   0       47      Fluent Node 
n46    pcmpi   computer31      Linux-64    36670   0       46      Fluent Node 
n45    pcmpi   computer31      Linux-64    36669   0       45      Fluent Node 
n44    pcmpi   computer31      Linux-64    36668   0       44      Fluent Node 
n43    pcmpi   computer31      Linux-64    36667   0       43      Fluent Node 
n42    pcmpi   computer31      Linux-64    36666   0       42      Fluent Node 
n41    pcmpi   computer31      Linux-64    36665   0       41      Fluent Node 
n40    pcmpi   computer31      Linux-64    36664   0       40      Fluent Node 
n39    pcmpi   computer31      Linux-64    36663   0       39      Fluent Node 
n38    pcmpi   computer31      Linux-64    36662   0       38      Fluent Node 
n37    pcmpi   computer31      Linux-64    36661   0       37      Fluent Node 
------------------------------------------------------------------------------
ID     Comm.   Hostname        O.S.        PID     Mach ID HW ID   Name        
------------------------------------------------------------------------------
n36    pcmpi   computer31      Linux-64    36660   0       36      Fluent Node 
n35    pcmpi   computer31      Linux-64    36659   0       35      Fluent Node 
n34    pcmpi   computer31      Linux-64    36658   0       34      Fluent Node 
n33    pcmpi   computer31      Linux-64    36657   0       33      Fluent Node 
n32    pcmpi   computer31      Linux-64    36656   0       32      Fluent Node 
n31    pcmpi   computer31      Linux-64    36655   0       31      Fluent Node 
n30    pcmpi   computer31      Linux-64    36654   0       30      Fluent Node 
n29    pcmpi   computer31      Linux-64    36653   0       29      Fluent Node 
n28    pcmpi   computer31      Linux-64    36652   0       28      Fluent Node 
n27    pcmpi   computer31      Linux-64    36651   0       27      Fluent Node 
n26    pcmpi   computer31      Linux-64    36650   0       26      Fluent Node 
n25    pcmpi   computer31      Linux-64    36649   0       25      Fluent Node 
n24    pcmpi   computer31      Linux-64    36648   0       24      Fluent Node 
n23    pcmpi   computer31      Linux-64    36647   0       23      Fluent Node 
n22    pcmpi   computer31      Linux-64    36646   0       22      Fluent Node 
n21    pcmpi   computer31      Linux-64    36645   0       21      Fluent Node 
n20    pcmpi   computer31      Linux-64    36644   0       20      Fluent Node 
n19    pcmpi   computer31      Linux-64    36643   0       19      Fluent Node 
n18    pcmpi   computer31      Linux-64    36642   0       18      Fluent Node 
n17    pcmpi   computer31      Linux-64    36641   0       17      Fluent Node 
------------------------------------------------------------------------------
ID     Comm.   Hostname        O.S.        PID     Mach ID HW ID   Name        
------------------------------------------------------------------------------
n16    pcmpi   computer31      Linux-64    36640   0       16      Fluent Node 
n15    pcmpi   computer31      Linux-64    36639   0       15      Fluent Node 
n14    pcmpi   computer31      Linux-64    36638   0       14      Fluent Node 
n13    pcmpi   computer31      Linux-64    36637   0       13      Fluent Node 
n12    pcmpi   computer31      Linux-64    36636   0       12      Fluent Node 
n11    pcmpi   computer31      Linux-64    36635   0       11      Fluent Node 
n10    pcmpi   computer31      Linux-64    36634   0       10      Fluent Node 
n9     pcmpi   computer31      Linux-64    36633   0       9       Fluent Node 
n8     pcmpi   computer31      Linux-64    36632   0       8       Fluent Node 
n7     pcmpi   computer31      Linux-64    36631   0       7       Fluent Node 
n6     pcmpi   computer31      Linux-64    36630   0       6       Fluent Node 
n5     pcmpi   computer31      Linux-64    36629   0       5       Fluent Node 
n4     pcmpi   computer31      Linux-64    36628   0       4       Fluent Node 
n3     pcmpi   computer31      Linux-64    36627   0       3       Fluent Node 
n2     pcmpi   computer31      Linux-64    36626   0       2       Fluent Node 
n1     pcmpi   computer31      Linux-64    36625   0       1       Fluent Node 
n0*    pcmpi   computer31      Linux-64    36624   0       0       Fluent Node 

Selected system interconnect: mpi-auto-selected
------------------------------------------------------------------------------
DATA=H1-origin_kwsst_Ausm_O1_H31000P1031.26T227.50M7.00a5.0b0.0Ti0.00Tv5.0Tf0.000U0_iokcas.gz,dat.gz
Monitor CD surface= wall-adm wall-body wall-danyi wall-dibu wall-duoy1 wall-duoy2 wall-duoz wall-fuqi wall-gld wall-inlet wall-rss wall-wpg wall-xichu
CFLavg=3.27798,Cx=0.19982,i=11350,Er=9.87635e-05,Con=2.42527e-05 
((continuity . 2.4252689e-05) (x-velocity . 5.1725319e-06) (y-velocity . 3.8324706e-05) (z-velocity . 2.7107959e-05) (energy . 2.1951217e-05) (k . 1.8147227e-06) (omega . 4.1066174e-05))
/report/reference-values/list         area: 0.4
     density: 0.015792366
    enthalpy: 2471477.2
      length: 1
    pressure: 1031.2596
 temperature: 227.49939
    velocity: 2116.1985
   viscosity: 1.45712e-05
        zone: fluid


> /report/forces/wall-forces yes 0.9961946980917455 0.08715574274765817 0 no
Forces
                          Forces (n)                                                                                                                                Coefficients                                                                                                                             
Zone                      Pressure                                      Viscous                                       Total                                         Pressure                                      Viscous                                       Total                                        
wall-adm                  (-0.26138544 4.0297241 34.213444)             (6.0385876 -0.45038629 0.35982251)            (5.7772021 3.5793378 34.573266)               (-1.847955e-05 0.00028489532 0.0024188381)    (0.00042691889 -3.184162e-05 2.54389e-05)     (0.00040843934 0.0002530537 0.002444277)     
wall-body                 (656.42181 6470.9072 -2687.231)               (346.57074 6.8891678 25.739876)               (1002.9926 6477.7964 -2661.4911)              (0.046408016 0.45748323 -0.18998311)          (0.02450202 0.00048705361 0.0018197698)       (0.070910037 0.45797028 -0.18816334)         
wall-danyi                (1.1405673 485.91165 1.7043444)               (19.665226 2.2696679 4.5530138)               (20.805793 488.18132 6.2573582)               (8.0636361e-05 0.034353209 0.00012049454)     (0.0013903013 0.00016046204 0.0003218911)     (0.0014709377 0.034513671 0.00044238564)     
wall-dibu                 (108.54735 0 0)                               (-2.4672847e-08 0.26891667 0.42027706)        (108.54735 0.26891667 0.42027706)             (0.0076741312 0 0)                            (-1.7443325e-12 1.9011996e-05 2.9712944e-05)  (0.0076741312 1.9011996e-05 2.9712944e-05)   
wall-duoy1                (4.8282237 7.9314237 46.397011)               (2.7205722 0.0062074568 -0.026027152)         (7.5487959 7.9376311 46.370984)               (0.00034134802 0.0005607395 0.0032801976)     (0.00019234029 4.3885769e-07 -1.8400798e-06)  (0.00053368831 0.00056117836 0.0032783575)   
wall-duoy2                (4.1212149 15.856262 -75.568413)              (5.0761423 0.66392064 0.059260994)            (9.1973572 16.520183 -75.509152)              (0.00029136358 0.0011210134 -0.005342571)     (0.00035887548 4.6938172e-05 4.1896615e-06)   (0.00065023906 0.0011679516 -0.0053383813)   
wall-duoz                 (29.524719 247.86458 7.9173141)               (10.619097 0.45933619 1.6344299)              (40.143816 248.32391 9.551744)                (0.0020873524 0.017523646 0.00055974197)      (0.00075075387 3.2474365e-05 0.00011555169)   (0.0028381063 0.01755612 0.00067529366)      
wall-fuqi                 (18.534554 73.100342 -310.86124)              (13.110945 -0.05356431 0.76780099)            (31.645498 73.046777 -310.09344)              (0.0013103645 0.0051680822 -0.021977413)      (0.00092692371 -3.7869147e-06 5.4282353e-05)  (0.0022372882 0.0051642952 -0.021923131)     
wall-gld                  (388.16431 -482.12872 4648.1543)              (179.89319 26.441135 -42.410667)              (568.0575 -455.68759 4605.7436)               (0.027442622 -0.034085762 0.32861739)         (0.012718173 0.0018693478 -0.0029983692)      (0.040160795 -0.032216414 0.32561902)        
wall-inlet                (753.4837 -570.83777 1046.683)                (90.086716 -12.705437 -4.8349233)             (843.57042 -583.54321 1041.8481)              (0.053270143 -0.040357356 0.073998883)        (0.0063689928 -0.00089825491 -0.00034182167)  (0.059639136 -0.041255611 0.073657062)       
wall-rss                  (-288.97455 1099.2997 14522.783)              (215.11157 -0.1333251 1.8739944)              (-73.862976 1099.1664 14524.657)              (-0.020430058 0.077718803 1.0267385)          (0.015208059 -9.4258803e-06 0.00013248853)    (-0.0052219992 0.077709377 1.026871)         
wall-wpg                  (-651.91791 -792.18127 2025.7395)             (60.366318 9.0491037 9.6046305)               (-591.55159 -783.13217 2035.3441)             (-0.046089597 -0.056006002 0.14321668)        (0.0042678062 0.00063975777 0.00067903266)    (-0.041821791 -0.055366245 0.14389571)       
wall-xichu                (264.2908 235.64307 19.442932)                (2.0472913 6.6181688 6.8571143)               (266.33809 242.26124 26.300046)               (0.018684955 0.016659604 0.0013745855)        (0.00014474036 0.0004678944 0.00048478748)    (0.018829695 0.017127498 0.001859373)        
------------------------- --------------------------------------------- --------------------------------------------- --------------------------------------------- --------------------------------------------- --------------------------------------------- ---------------------------------------------
Net                       (1287.9034 6795.3962 19279.374)               (951.30639 39.322912 4.5986024)               (2239.2098 6834.7191 19283.973)               (0.091052798 0.4804241 1.3630222)             (0.067255905 0.0027800696 0.00032511414)      (0.1583087 0.48320417 1.3633473)             

Forces - Direction Vector (0.9961947 0.087155743 0)
                          Forces (n)                                      Coefficients                                   
Zone                      Pressure        Viscous         Total           Pressure        Viscous         Total          
wall-adm                  0.090822809     5.9763552       6.067178        6.4210334e-06   0.00042251915   0.00042894019  
wall-body                 1217.9007       345.85236       1563.753        0.08610371      0.024451232     0.11055494     
wall-danyi                43.486218       19.788208       63.274426       0.003074409     0.001398996     0.004473405    
wall-dibu                 108.13429       0.023437607     108.15773       0.0076449288    1.6570029e-06   0.0076465858   
wall-duoy1                5.50112         2.7107606       8.2118806       0.00038892075   0.00019164662   0.00058056738  
wall-duoy2                5.4874967       5.1146906       10.602187       0.00038795761   0.00036160079   0.00074955839  
wall-duoz                 51.01519        10.618722       61.633912       0.0036066958    0.00075072735   0.0043574231   
wall-fuqi                 24.835139       13.056385       37.891524       0.0017558062    0.00092306643   0.0026788727   
wall-gld                  344.66694       181.51314       526.18007       0.024367424     0.012832701     0.037200125    
wall-inlet                700.86468       88.636557       789.50124       0.049550059     0.0062664688    0.055816528    
wall-rss                  -192.06463      214.28139       22.216755       -0.013578675    0.015149366     0.0015706905   
wall-wpg                  -718.48031      60.925287       -657.55502      -0.050795457    0.0043073244    -0.046488133   
wall-xichu                283.82274       2.6163121       286.43905       0.020065833     0.00018496926   0.020250802    
------------------------- --------------- --------------- --------------- --------------- --------------- ---------------
Net                       1875.2604       951.1136        2826.374        0.13257803      0.067242275     0.19982031     
/report/forces/wall-forces yes -0.08715574274765817 0.9961946980917455 0 no
Forces
                          Forces (n)                                                                                                                                Coefficients                                                                                                                             
Zone                      Pressure                                      Viscous                                       Total                                         Pressure                                      Viscous                                       Total                                        
wall-adm                  (-0.26138544 4.0297241 34.213444)             (6.0385876 -0.45038629 0.35982251)            (5.7772021 3.5793378 34.573266)               (-1.847955e-05 0.00028489532 0.0024188381)    (0.00042691889 -3.184162e-05 2.54389e-05)     (0.00040843934 0.0002530537 0.002444277)     
wall-body                 (656.42181 6470.9072 -2687.231)               (346.57074 6.8891678 25.739876)               (1002.9926 6477.7964 -2661.4911)              (0.046408016 0.45748323 -0.18998311)          (0.02450202 0.00048705361 0.0018197698)       (0.070910037 0.45797028 -0.18816334)         
wall-danyi                (1.1405673 485.91165 1.7043444)               (19.665226 2.2696679 4.5530138)               (20.805793 488.18132 6.2573582)               (8.0636361e-05 0.034353209 0.00012049454)     (0.0013903013 0.00016046204 0.0003218911)     (0.0014709377 0.034513671 0.00044238564)     
wall-dibu                 (108.54735 0 0)                               (-2.4672847e-08 0.26891667 0.42027706)        (108.54735 0.26891667 0.42027706)             (0.0076741312 0 0)                            (-1.7443325e-12 1.9011996e-05 2.9712944e-05)  (0.0076741312 1.9011996e-05 2.9712944e-05)   
wall-duoy1                (4.8282237 7.9314237 46.397011)               (2.7205722 0.0062074568 -0.026027152)         (7.5487959 7.9376311 46.370984)               (0.00034134802 0.0005607395 0.0032801976)     (0.00019234029 4.3885769e-07 -1.8400798e-06)  (0.00053368831 0.00056117836 0.0032783575)   
wall-duoy2                (4.1212149 15.856262 -75.568413)              (5.0761423 0.66392064 0.059260994)            (9.1973572 16.520183 -75.509152)              (0.00029136358 0.0011210134 -0.005342571)     (0.00035887548 4.6938172e-05 4.1896615e-06)   (0.00065023906 0.0011679516 -0.0053383813)   
wall-duoz                 (29.524719 247.86458 7.9173141)               (10.619097 0.45933619 1.6344299)              (40.143816 248.32391 9.551744)                (0.0020873524 0.017523646 0.00055974197)      (0.00075075387 3.2474365e-05 0.00011555169)   (0.0028381063 0.01755612 0.00067529366)      
wall-fuqi                 (18.534554 73.100342 -310.86124)              (13.110945 -0.05356431 0.76780099)            (31.645498 73.046777 -310.09344)              (0.0013103645 0.0051680822 -0.021977413)      (0.00092692371 -3.7869147e-06 5.4282353e-05)  (0.0022372882 0.0051642952 -0.021923131)     
wall-gld                  (388.16431 -482.12872 4648.1543)              (179.89319 26.441135 -42.410667)              (568.0575 -455.68759 4605.7436)               (0.027442622 -0.034085762 0.32861739)         (0.012718173 0.0018693478 -0.0029983692)      (0.040160795 -0.032216414 0.32561902)        
wall-inlet                (753.4837 -570.83777 1046.683)                (90.086716 -12.705437 -4.8349233)             (843.57042 -583.54321 1041.8481)              (0.053270143 -0.040357356 0.073998883)        (0.0063689928 -0.00089825491 -0.00034182167)  (0.059639136 -0.041255611 0.073657062)       
wall-rss                  (-288.97455 1099.2997 14522.783)              (215.11157 -0.1333251 1.8739944)              (-73.862976 1099.1664 14524.657)              (-0.020430058 0.077718803 1.0267385)          (0.015208059 -9.4258803e-06 0.00013248853)    (-0.0052219992 0.077709377 1.026871)         
wall-wpg                  (-651.91791 -792.18127 2025.7395)             (60.366318 9.0491037 9.6046305)               (-591.55159 -783.13217 2035.3441)             (-0.046089597 -0.056006002 0.14321668)        (0.0042678062 0.00063975777 0.00067903266)    (-0.041821791 -0.055366245 0.14389571)       
wall-xichu                (264.2908 235.64307 19.442932)                (2.0472913 6.6181688 6.8571143)               (266.33809 242.26124 26.300046)               (0.018684955 0.016659604 0.0013745855)        (0.00014474036 0.0004678944 0.00048478748)    (0.018829695 0.017127498 0.001859373)        
------------------------- --------------------------------------------- --------------------------------------------- --------------------------------------------- --------------------------------------------- --------------------------------------------- ---------------------------------------------
Net                       (1287.9034 6795.3962 19279.374)               (951.30639 39.322912 4.5986024)               (2239.2098 6834.7191 19283.973)               (0.091052798 0.4804241 1.3630222)             (0.067255905 0.0027800696 0.00032511414)      (0.1583087 0.48320417 1.3633473)             

Forces - Direction Vector (-0.087155743 0.9961947 0)
                          Forces (n)                                      Coefficients                                   
Zone                      Pressure        Viscous         Total           Pressure        Viscous         Total          
wall-adm                  4.037171        -0.97497001     3.062201        0.00028542181   -6.8928886e-05  0.00021649292  
wall-body                 6389.0725       -23.342678      6365.7299       0.45169764      -0.0016502916   0.45004735     
wall-danyi                483.9632        0.54709372      484.5103        0.034215457     3.8678687e-05   0.034254136    
wall-dibu                 -9.4605247      0.26789336      -9.1926314      -0.0006688446   1.893965e-05    -0.00064990495 
wall-duoy1                7.4804348       -0.23092966     7.2495051       0.00052885528   -1.6326373e-05  0.0005125289   
wall-duoy2                15.436737       0.21897927      15.655716       0.0010913536    1.5481499e-05   0.0011068351   
wall-duoz                 244.34813       -0.46792699     243.8802        0.017275038     -3.3081721e-05  0.017241957    
wall-fuqi                 71.20678        -1.1960546      70.010726       0.0050342103    -8.4559228e-05  0.004949651    
wall-gld                  -514.12483      10.661794       -503.46303      -0.036347837    0.00075377253   -0.035594065   
wall-inlet                -634.33599      -20.508663      -654.84465      -0.044846583    -0.0014499311   -0.046296514   
wall-rss                  1120.3023       -18.881027      1101.4213       0.079203657     -0.0013348597   0.077868797    
wall-wpg                  -732.3484       3.7533979       -728.595        -0.051775909    0.00026535948   -0.05151055    
wall-xichu                211.71191       6.4145515       218.12646       0.014967708     0.00045349896   0.015421207    
------------------------- --------------- --------------- --------------- --------------- --------------- ---------------
Net                       6657.2895       -43.738539      6613.5509       0.47066017      -0.0030922477   0.46756792     
/report/forces/wall-forces yes 0 0 -1 no
Forces
                          Forces (n)                                                                                                                                Coefficients                                                                                                                             
Zone                      Pressure                                      Viscous                                       Total                                         Pressure                                      Viscous                                       Total                                        
wall-adm                  (-0.26138544 4.0297241 34.213444)             (6.0385876 -0.45038629 0.35982251)            (5.7772021 3.5793378 34.573266)               (-1.847955e-05 0.00028489532 0.0024188381)    (0.00042691889 -3.184162e-05 2.54389e-05)     (0.00040843934 0.0002530537 0.002444277)     
wall-body                 (656.42181 6470.9072 -2687.231)               (346.57074 6.8891678 25.739876)               (1002.9926 6477.7964 -2661.4911)              (0.046408016 0.45748323 -0.18998311)          (0.02450202 0.00048705361 0.0018197698)       (0.070910037 0.45797028 -0.18816334)         
wall-danyi                (1.1405673 485.91165 1.7043444)               (19.665226 2.2696679 4.5530138)               (20.805793 488.18132 6.2573582)               (8.0636361e-05 0.034353209 0.00012049454)     (0.0013903013 0.00016046204 0.0003218911)     (0.0014709377 0.034513671 0.00044238564)     
wall-dibu                 (108.54735 0 0)                               (-2.4672847e-08 0.26891667 0.42027706)        (108.54735 0.26891667 0.42027706)             (0.0076741312 0 0)                            (-1.7443325e-12 1.9011996e-05 2.9712944e-05)  (0.0076741312 1.9011996e-05 2.9712944e-05)   
wall-duoy1                (4.8282237 7.9314237 46.397011)               (2.7205722 0.0062074568 -0.026027152)         (7.5487959 7.9376311 46.370984)               (0.00034134802 0.0005607395 0.0032801976)     (0.00019234029 4.3885769e-07 -1.8400798e-06)  (0.00053368831 0.00056117836 0.0032783575)   
wall-duoy2                (4.1212149 15.856262 -75.568413)              (5.0761423 0.66392064 0.059260994)            (9.1973572 16.520183 -75.509152)              (0.00029136358 0.0011210134 -0.005342571)     (0.00035887548 4.6938172e-05 4.1896615e-06)   (0.00065023906 0.0011679516 -0.0053383813)   
wall-duoz                 (29.524719 247.86458 7.9173141)               (10.619097 0.45933619 1.6344299)              (40.143816 248.32391 9.551744)                (0.0020873524 0.017523646 0.00055974197)      (0.00075075387 3.2474365e-05 0.00011555169)   (0.0028381063 0.01755612 0.00067529366)      
wall-fuqi                 (18.534554 73.100342 -310.86124)              (13.110945 -0.05356431 0.76780099)            (31.645498 73.046777 -310.09344)              (0.0013103645 0.0051680822 -0.021977413)      (0.00092692371 -3.7869147e-06 5.4282353e-05)  (0.0022372882 0.0051642952 -0.021923131)     
wall-gld                  (388.16431 -482.12872 4648.1543)              (179.89319 26.441135 -42.410667)              (568.0575 -455.68759 4605.7436)               (0.027442622 -0.034085762 0.32861739)         (0.012718173 0.0018693478 -0.0029983692)      (0.040160795 -0.032216414 0.32561902)        
wall-inlet                (753.4837 -570.83777 1046.683)                (90.086716 -12.705437 -4.8349233)             (843.57042 -583.54321 1041.8481)              (0.053270143 -0.040357356 0.073998883)        (0.0063689928 -0.00089825491 -0.00034182167)  (0.059639136 -0.041255611 0.073657062)       
wall-rss                  (-288.97455 1099.2997 14522.783)              (215.11157 -0.1333251 1.8739944)              (-73.862976 1099.1664 14524.657)              (-0.020430058 0.077718803 1.0267385)          (0.015208059 -9.4258803e-06 0.00013248853)    (-0.0052219992 0.077709377 1.026871)         
wall-wpg                  (-651.91791 -792.18127 2025.7395)             (60.366318 9.0491037 9.6046305)               (-591.55159 -783.13217 2035.3441)             (-0.046089597 -0.056006002 0.14321668)        (0.0042678062 0.00063975777 0.00067903266)    (-0.041821791 -0.055366245 0.14389571)       
wall-xichu                (264.2908 235.64307 19.442932)                (2.0472913 6.6181688 6.8571143)               (266.33809 242.26124 26.300046)               (0.018684955 0.016659604 0.0013745855)        (0.00014474036 0.0004678944 0.00048478748)    (0.018829695 0.017127498 0.001859373)        
------------------------- --------------------------------------------- --------------------------------------------- --------------------------------------------- --------------------------------------------- --------------------------------------------- ---------------------------------------------
Net                       (1287.9034 6795.3962 19279.374)               (951.30639 39.322912 4.5986024)               (2239.2098 6834.7191 19283.973)               (0.091052798 0.4804241 1.3630222)             (0.067255905 0.0027800696 0.00032511414)      (0.1583087 0.48320417 1.3633473)             

Forces - Direction Vector (0 0 -1)
                          Forces (n)                                      Coefficients                                   
Zone                      Pressure        Viscous         Total           Pressure        Viscous         Total          
wall-adm                  -34.213444      -0.35982251     -34.573266      -0.0024188381   -2.54389e-05    -0.002444277   
wall-body                 2687.231        -25.739876      2661.4911       0.18998311      -0.0018197698   0.18816334     
wall-danyi                -1.7043444      -4.5530138      -6.2573582      -0.00012049454  -0.0003218911   -0.00044238564 
wall-dibu                 0               -0.42027706     -0.42027706     0               -2.9712944e-05  -2.9712944e-05 
wall-duoy1                -46.397011      0.026027152     -46.370984      -0.0032801976   1.8400798e-06   -0.0032783575  
wall-duoy2                75.568413       -0.059260994    75.509152       0.005342571     -4.1896615e-06  0.0053383813   
wall-duoz                 -7.9173141      -1.6344299      -9.551744       -0.00055974197  -0.00011555169  -0.00067529366 
wall-fuqi                 310.86124       -0.76780099     310.09344       0.021977413     -5.4282353e-05  0.021923131    
wall-gld                  -4648.1543      42.410667       -4605.7436      -0.32861739     0.0029983692    -0.32561902    
wall-inlet                -1046.683       4.8349233       -1041.8481      -0.073998883    0.00034182167   -0.073657062   
wall-rss                  -14522.783      -1.8739944      -14524.657      -1.0267385      -0.00013248853  -1.026871      
wall-wpg                  -2025.7395      -9.6046305      -2035.3441      -0.14321668     -0.00067903266  -0.14389571    
wall-xichu                -19.442932      -6.8571143      -26.300046      -0.0013745855   -0.00048478748  -0.001859373   
------------------------- --------------- --------------- --------------- --------------- --------------- ---------------
Net                       -19279.374      -4.5986024      -19283.973      -1.3630222      -0.00032511414  -1.3633473     
/report/forces/wall-moments yes 4.3175 0 0 0 0 -1 no 
Moments - Moment Center (4.3175 0 0)
                          Moments (n-m)                                                                                                                             Coefficients                                                                                                                             
Zone                      Pressure                                      Viscous                                       Total                                         Pressure                                      Viscous                                       Total                                        
wall-adm                  (13.232619 -61.139305 7.686904)               (0.15492786 -0.47616985 -3.2267439)           (13.387547 -61.615475 4.46016)                (0.00093552591 -0.0043224552 0.00054345233)   (1.0953163e-05 -3.3664479e-05 -0.00022812585) (0.00094647907 -0.0043561197 0.00031532648)  
wall-body                 (-1170.5117 -2900.6235 -2818.5164)            (-8.9025097 120.74129 41.855057)              (-1179.4142 -2779.8822 -2776.6613)            (-0.082753385 -0.20506964 -0.19926479)        (-0.00062939379 0.008536224 0.0029590884)     (-0.083382779 -0.19653342 -0.1963057)        
wall-danyi                (-342.0202 -7.9437828 23.62055)               (-1.735307 13.922092 0.29577711)              (-343.75551 5.9783096 23.916327)              (-0.024180304 -0.00056161327 0.0016699367)    (-0.00012268354 0.0009842706 2.0910989e-05)   (-0.024302988 0.00042265733 0.0016908477)    
wall-dibu                 (0 29.751348 14.91752)                        (-0.13663197 -1.1273934 0.72136909)           (-0.13663197 28.623955 15.638889)             (0 0.0021033748 0.0010546458)                 (-9.6596706e-06 -7.9704984e-05 5.0999689e-05) (-9.6596706e-06 0.0020236698 0.0011056455)   
wall-duoy1                (19.771324 -111.9649 17.223101)               (-0.012631224 0.12328377 -1.1844854)          (19.758693 -111.84161 16.038615)              (0.0013978023 -0.0079157467 0.0012176468)     (-8.9300815e-07 8.7159739e-06 -8.3741305e-05) (0.0013969093 -0.0079070307 0.0011339055)    
wall-duoy2                (56.470371 180.22183 40.714771)               (-0.057272498 -0.033888016 5.3965263)         (56.413099 180.18794 46.111298)               (0.0039923687 0.012741407 0.0028784719)       (-4.0490778e-06 -2.3958308e-06 0.00038152614) (0.0039883196 0.012739012 0.0032599981)      
wall-duoz                 (-168.71303 -0.3434267 597.90857)             (-0.38304392 3.448482 1.325361)               (-169.09607 3.1050553 599.23393)              (-0.011927753 -2.4279742e-05 0.04227122)      (-2.7080618e-05 0.0002438024 9.3700993e-05)   (-0.011954833 0.00021952265 0.042364921)     
wall-fuqi                 (213.63043 518.79388 132.14772)               (-0.53396726 -1.0486759 9.1546097)            (213.09646 517.74521 141.30233)               (0.015103344 0.036677933 0.0093426414)        (-3.7750667e-05 -7.4139779e-05 0.00064721688) (0.015065594 0.036603793 0.0099898582)       
wall-gld                  (-1611.0522 3190.1958 556.88971)              (11.478633 -1.4774165 53.430435)              (-1599.5736 3188.7184 610.32014)              (-0.11389893 0.22554196 0.039371249)          (0.00081152176 -0.00010445108 0.0037774499)   (-0.1130874 0.2254375 0.043148699)           
wall-inlet                (-338.40344 1628.4062 -610.505)               (4.1051226 7.5243678 52.489105)               (-334.29832 1635.9306 -558.0159)              (-0.023924605 0.11512583 -0.043161768)        (0.00029022588 0.00053196128 0.0037108993)    (-0.023634379 0.11565779 -0.039450869)       
wall-rss                  (-3885.0454 -11159.549 -203.95203)            (-0.11940628 21.564512 62.45763)              (-3885.1648 -11137.984 -141.4944)             (-0.27466676 -0.788963 -0.014419096)          (-8.4418412e-06 0.001524578 0.0044156588)     (-0.2746752 -0.78743843 -0.010003437)        
wall-wpg                  (-393.65881 -4536.7451 -1856.5334)            (-4.3610611 -11.037346 33.552673)             (-398.01987 -4547.7825 -1822.9808)            (-0.027831075 -0.32074093 -0.13125407)        (-0.00030832034 -0.00078032344 0.0023721226)  (-0.028139395 -0.32152125 -0.12888195)       
wall-xichu                (-46.891518 69.576355 -250.8539)              (-3.2020421 10.400419 -8.9833069)             (-50.09356 79.976774 -259.8372)               (-0.0033151585 0.0049189417 -0.017734986)     (-0.00022637947 0.0007352937 -0.00063510603)  (-0.0035415379 0.0056542354 -0.018370092)    
------------------------- --------------------------------------------- --------------------------------------------- --------------------------------------------- --------------------------------------------- --------------------------------------------- ---------------------------------------------
Net                       (-7653.1916 -13161.363 -4349.2519)            (-3.7051896 162.52356 247.28401)              (-7656.8968 -12998.84 -4101.9679)             (-0.54106892 -0.93048823 -0.30748544)         (-0.00026195123 0.011490166 0.0174826)        (-0.54133087 -0.91899806 -0.29000284)        

Moments - Moment Center (4.3175 0 0) Moment Axis (0 0 -1)
                          Moments (n-m)                                   Coefficients                                   
Zone                      Pressure        Viscous         Total           Pressure        Viscous         Total          
wall-adm                  -7.686904       3.2267439       -4.46016        -0.00054345233  0.00022812585   -0.00031532648 
wall-body                 2818.5164       -41.855057      2776.6613       0.19926479      -0.0029590884   0.1963057      
wall-danyi                -23.62055       -0.29577711     -23.916327      -0.0016699367   -2.0910989e-05  -0.0016908477  
wall-dibu                 -14.91752       -0.72136909     -15.638889      -0.0010546458   -5.0999689e-05  -0.0011056455  
wall-duoy1                -17.223101      1.1844854       -16.038615      -0.0012176468   8.3741305e-05   -0.0011339055  
wall-duoy2                -40.714771      -5.3965263      -46.111298      -0.0028784719   -0.00038152614  -0.0032599981  
wall-duoz                 -597.90857      -1.325361       -599.23393      -0.04227122     -9.3700993e-05  -0.042364921   
wall-fuqi                 -132.14772      -9.1546097      -141.30233      -0.0093426414   -0.00064721688  -0.0099898582  
wall-gld                  -556.88971      -53.430435      -610.32014      -0.039371249    -0.0037774499   -0.043148699   
wall-inlet                610.505         -52.489105      558.0159        0.043161768     -0.0037108993   0.039450869    
wall-rss                  203.95203       -62.45763       141.4944        0.014419096     -0.0044156588   0.010003437    
wall-wpg                  1856.5334       -33.552673      1822.9808       0.13125407      -0.0023721226   0.12888195     
wall-xichu                250.8539        8.9833069       259.8372        0.017734986     0.00063510603   0.018370092    
------------------------- --------------- --------------- --------------- --------------- --------------- ---------------
Net                       4349.2519       -247.28401      4101.9679       0.30748544      -0.0174826      0.29000284     


> /report/forces/wall-moments yes 4.3175 0 0 0 0 -1 no 
Moments - Moment Center (4.3175 0 0)
                          Moments (n-m)                                                                                                                             Coefficients                                                                                                                             
Zone                      Pressure                                      Viscous                                       Total                                         Pressure                                      Viscous                                       Total                                        
wall-adm                  (13.232619 -61.139305 7.686904)               (0.15492786 -0.47616985 -3.2267439)           (13.387547 -61.615475 4.46016)                (0.00093552591 -0.0043224552 0.00054345233)   (1.0953163e-05 -3.3664479e-05 -0.00022812585) (0.00094647907 -0.0043561197 0.00031532648)  
wall-body                 (-1170.5117 -2900.6235 -2818.5164)            (-8.9025097 120.74129 41.855057)              (-1179.4142 -2779.8822 -2776.6613)            (-0.082753385 -0.20506964 -0.19926479)        (-0.00062939379 0.008536224 0.0029590884)     (-0.083382779 -0.19653342 -0.1963057)        
wall-danyi                (-342.0202 -7.9437828 23.62055)               (-1.735307 13.922092 0.29577711)              (-343.75551 5.9783096 23.916327)              (-0.024180304 -0.00056161327 0.0016699367)    (-0.00012268354 0.0009842706 2.0910989e-05)   (-0.024302988 0.00042265733 0.0016908477)    
wall-dibu                 (0 29.751348 14.91752)                        (-0.13663197 -1.1273934 0.72136909)           (-0.13663197 28.623955 15.638889)             (0 0.0021033748 0.0010546458)                 (-9.6596706e-06 -7.9704984e-05 5.0999689e-05) (-9.6596706e-06 0.0020236698 0.0011056455)   
wall-duoy1                (19.771324 -111.9649 17.223101)               (-0.012631224 0.12328377 -1.1844854)          (19.758693 -111.84161 16.038615)              (0.0013978023 -0.0079157467 0.0012176468)     (-8.9300815e-07 8.7159739e-06 -8.3741305e-05) (0.0013969093 -0.0079070307 0.0011339055)    
wall-duoy2                (56.470371 180.22183 40.714771)               (-0.057272498 -0.033888016 5.3965263)         (56.413099 180.18794 46.111298)               (0.0039923687 0.012741407 0.0028784719)       (-4.0490778e-06 -2.3958308e-06 0.00038152614) (0.0039883196 0.012739012 0.0032599981)      
wall-duoz                 (-168.71303 -0.3434267 597.90857)             (-0.38304392 3.448482 1.325361)               (-169.09607 3.1050553 599.23393)              (-0.011927753 -2.4279742e-05 0.04227122)      (-2.7080618e-05 0.0002438024 9.3700993e-05)   (-0.011954833 0.00021952265 0.042364921)     
wall-fuqi                 (213.63043 518.79388 132.14772)               (-0.53396726 -1.0486759 9.1546097)            (213.09646 517.74521 141.30233)               (0.015103344 0.036677933 0.0093426414)        (-3.7750667e-05 -7.4139779e-05 0.00064721688) (0.015065594 0.036603793 0.0099898582)       
wall-gld                  (-1611.0522 3190.1958 556.88971)              (11.478633 -1.4774165 53.430435)              (-1599.5736 3188.7184 610.32014)              (-0.11389893 0.22554196 0.039371249)          (0.00081152176 -0.00010445108 0.0037774499)   (-0.1130874 0.2254375 0.043148699)           
wall-inlet                (-338.40344 1628.4062 -610.505)               (4.1051226 7.5243678 52.489105)               (-334.29832 1635.9306 -558.0159)              (-0.023924605 0.11512583 -0.043161768)        (0.00029022588 0.00053196128 0.0037108993)    (-0.023634379 0.11565779 -0.039450869)       
wall-rss                  (-3885.0454 -11159.549 -203.95203)            (-0.11940628 21.564512 62.45763)              (-3885.1648 -11137.984 -141.4944)             (-0.27466676 -0.788963 -0.014419096)          (-8.4418412e-06 0.001524578 0.0044156588)     (-0.2746752 -0.78743843 -0.010003437)        
wall-wpg                  (-393.65881 -4536.7451 -1856.5334)            (-4.3610611 -11.037346 33.552673)             (-398.01987 -4547.7825 -1822.9808)            (-0.027831075 -0.32074093 -0.13125407)        (-0.00030832034 -0.00078032344 0.0023721226)  (-0.028139395 -0.32152125 -0.12888195)       
wall-xichu                (-46.891518 69.576355 -250.8539)              (-3.2020421 10.400419 -8.9833069)             (-50.09356 79.976774 -259.8372)               (-0.0033151585 0.0049189417 -0.017734986)     (-0.00022637947 0.0007352937 -0.00063510603)  (-0.0035415379 0.0056542354 -0.018370092)    
------------------------- --------------------------------------------- --------------------------------------------- --------------------------------------------- --------------------------------------------- --------------------------------------------- ---------------------------------------------
Net                       (-7653.1916 -13161.363 -4349.2519)            (-3.7051896 162.52356 247.28401)              (-7656.8968 -12998.84 -4101.9679)             (-0.54106892 -0.93048823 -0.30748544)         (-0.00026195123 0.011490166 0.0174826)        (-0.54133087 -0.91899806 -0.29000284)        

Moments - Moment Center (4.3175 0 0) Moment Axis (0 0 -1)
                          Moments (n-m)                                   Coefficients                                   
Zone                      Pressure        Viscous         Total           Pressure        Viscous         Total          
wall-adm                  -7.686904       3.2267439       -4.46016        -0.00054345233  0.00022812585   -0.00031532648 
wall-body                 2818.5164       -41.855057      2776.6613       0.19926479      -0.0029590884   0.1963057      
wall-danyi                -23.62055       -0.29577711     -23.916327      -0.0016699367   -2.0910989e-05  -0.0016908477  
wall-dibu                 -14.91752       -0.72136909     -15.638889      -0.0010546458   -5.0999689e-05  -0.0011056455  
wall-duoy1                -17.223101      1.1844854       -16.038615      -0.0012176468   8.3741305e-05   -0.0011339055  
wall-duoy2                -40.714771      -5.3965263      -46.111298      -0.0028784719   -0.00038152614  -0.0032599981  
wall-duoz                 -597.90857      -1.325361       -599.23393      -0.04227122     -9.3700993e-05  -0.042364921   
wall-fuqi                 -132.14772      -9.1546097      -141.30233      -0.0093426414   -0.00064721688  -0.0099898582  
wall-gld                  -556.88971      -53.430435      -610.32014      -0.039371249    -0.0037774499   -0.043148699   
wall-inlet                610.505         -52.489105      558.0159        0.043161768     -0.0037108993   0.039450869    
wall-rss                  203.95203       -62.45763       141.4944        0.014419096     -0.0044156588   0.010003437    
wall-wpg                  1856.5334       -33.552673      1822.9808       0.13125407      -0.0023721226   0.12888195     
wall-xichu                250.8539        8.9833069       259.8372        0.017734986     0.00063510603   0.018370092    
------------------------- --------------- --------------- --------------- --------------- --------------- ---------------
Net                       4349.2519       -247.28401      4101.9679       0.30748544      -0.0174826      0.29000284     


> /report/fluxes/mass-flow yes no
                  Mass Flow Rate               (kg/s)
-------------------------------- --------------------
                  interior-fluid            1279.8054
              pressure_far_field          0.020607948
                        symmetry                    0
                        wall-adm                    0
                       wall-body                    0
                      wall-danyi                    0
                       wall-dibu                    0
                      wall-duoy1                    0
                      wall-duoy2                    0
                       wall-duoz                    0
                       wall-fuqi                    0
                        wall-gld                    0
                      wall-inlet                    0
                        wall-rss                    0
                        wall-wpg                    0
                      wall-xichu                    0
                ---------------- --------------------
                             Net          0.020607948
/report/fluxes/mass-flow no ar 
Error: eval: unbound variable
Error Object: ar
Invalid face zone.
throat 
Error: eval: unbound variable
Error Object: throat
Invalid face zone.
penguanout 
Error: eval: unbound variable
Error Object: penguanout
Invalid face zone.
() no
                  Mass Flow Rate               (kg/s)
-------------------------------- --------------------
                ---------------- --------------------
                             Net                    0
/report/surface-integrals/mass-weighted-avg ar throat penguanout ()
Error: GENERAL-CAR-CDR: invalid argument [1]: improper list
Error Object: #f
 pressure invalid command [pressure]
no/report/surface-integrals/mass-weighted-avg ar throat penguanout ()
Error: GENERAL-CAR-CDR: invalid argument [1]: improper list
Error Object: #f
 mach-number invalid command [mach-number]
no/report/surface-integrals/area ar throat penguanout ()
Error: GENERAL-CAR-CDR: invalid argument [1]: improper list
Error Object: #f
 noinvalid command [no]
/report/surface-integrals/mass-weighted-avg ar throat penguanout ()
Error: GENERAL-CAR-CDR: invalid argument [1]: improper list
Error Object: #f
 total-pressure invalid command [total-pressure]
no/file/stop-transcript